'/usr/snap/minetest/1521/mods/advtrains/advtrains_train_track/textures/advtrains_dtrack_atc_placer.png' -> './advtrains_dtrack_atc_placer.png'
'/usr/snap/minetest/1521/mods/advtrains/advtrains_train_track/textures/advtrains_dtrack_bumper_placer.png' -> './advtrains_dtrack_bumper_placer.png'
'/usr/snap/minetest/1521/mods/advtrains/advtrains_train_track/textures/advtrains_dtrack_detector_placer.png' -> './advtrains_dtrack_detector_placer.png'
'/usr/snap/minetest/1521/mods/advtrains/advtrains_train_track/textures/advtrains_dtrack_load_placer.png' -> './advtrains_dtrack_load_placer.png'
'/usr/snap/minetest/1521/mods/advtrains/advtrains_train_track/textures/advtrains_dtrack_placer.png' -> './advtrains_dtrack_placer.png'
'/usr/snap/minetest/1521/mods/advtrains/advtrains_train_track/textures/advtrains_dtrack_rail.png' -> './advtrains_dtrack_rail.png'
'/usr/snap/minetest/1521/mods/advtrains/advtrains_train_track/textures/advtrains_dtrack_shared_atc.png' -> './advtrains_dtrack_shared_atc.png'
'/usr/snap/minetest/1521/mods/advtrains/advtrains_train_track/textures/advtrains_dtrack_shared_detector_off.png' -> './advtrains_dtrack_shared_detector_off.png'
'/usr/snap/minetest/1521/mods/advtrains/advtrains_train_track/textures/advtrains_dtrack_shared_detector_on.png' -> './advtrains_dtrack_shared_detector_on.png'
'/usr/snap/minetest/1521/mods/advtrains/advtrains_train_track/textures/advtrains_dtrack_shared_load.png' -> './advtrains_dtrack_shared_load.png'
'/usr/snap/minetest/1521/mods/advtrains/advtrains_train_track/textures/advtrains_dtrack_shared.png' -> './advtrains_dtrack_shared.png'
'/usr/snap/minetest/1521/mods/advtrains/advtrains_train_track/textures/advtrains_dtrack_shared_unload.png' -> './advtrains_dtrack_shared_unload.png'
'/usr/snap/minetest/1521/mods/advtrains/advtrains_train_track/textures/advtrains_dtrack_slopeplacer.png' -> './advtrains_dtrack_slopeplacer.png'
'/usr/snap/minetest/1521/mods/advtrains/advtrains_train_track/textures/advtrains_dtrack_unload_placer.png' -> './advtrains_dtrack_unload_placer.png'
'/usr/snap/minetest/1521/mods/advtrains/advtrains_train_track/textures/advtrains_track_cr_45.png' -> './advtrains_track_cr_45.png'
'/usr/snap/minetest/1521/mods/advtrains/advtrains_train_track/textures/advtrains_track_cr.png' -> './advtrains_track_cr.png'
'/usr/snap/minetest/1521/mods/advtrains/advtrains_train_track/textures/advtrains_track_placer.png' -> './advtrains_track_placer.png'
'/usr/snap/minetest/1521/mods/advtrains/advtrains_train_track/textures/advtrains_track_st_45.png' -> './advtrains_track_st_45.png'
'/usr/snap/minetest/1521/mods/advtrains/advtrains_train_track/textures/advtrains_track_st.png' -> './advtrains_track_st.png'
'/usr/snap/minetest/1521/mods/advtrains/advtrains_train_track/textures/advtrains_track_swlcr_45.png' -> './advtrains_track_swlcr_45.png'
'/usr/snap/minetest/1521/mods/advtrains/advtrains_train_track/textures/advtrains_track_swlcr.png' -> './advtrains_track_swlcr.png'
'/usr/snap/minetest/1521/mods/advtrains/advtrains_train_track/textures/advtrains_track_swlst_45.png' -> './advtrains_track_swlst_45.png'
'/usr/snap/minetest/1521/mods/advtrains/advtrains_train_track/textures/advtrains_track_swlst.png' -> './advtrains_track_swlst.png'
'/usr/snap/minetest/1521/mods/advtrains/advtrains_train_track/textures/advtrains_track_swrcr_45.png' -> './advtrains_track_swrcr_45.png'
'/usr/snap/minetest/1521/mods/advtrains/advtrains_train_track/textures/advtrains_track_swrcr.png' -> './advtrains_track_swrcr.png'
'/usr/snap/minetest/1521/mods/advtrains/advtrains_train_track/textures/advtrains_track_swrst_45.png' -> './advtrains_track_swrst_45.png'
'/usr/snap/minetest/1521/mods/advtrains/advtrains_train_track/textures/advtrains_track_swrst.png' -> './advtrains_track_swrst.png'
